INFO 2025-06-25 18:31:12,164 autoreload 13537 132738390032512 Watching for file changes with StatReloader
INFO 2025-06-26 00:28:47,158 autoreload 41124 130947000066176 Watching for file changes with StatReloader
INFO 2025-06-26 00:42:30,897 autoreload 43768 131114303307904 Watching for file changes with StatReloader
INFO 2025-06-26 00:46:22,850 autoreload 44185 125854881480832 Watching for file changes with StatReloader
INFO 2025-06-26 00:46:59,023 basehttp 44185 125854784943808 "GET / HTTP/1.1" 302 0
INFO 2025-06-26 00:46:59,078 basehttp 44185 125854784943808 "GET /api/ HTTP/1.1" 200 250
WARNING 2025-06-26 00:47:01,337 log 44185 125854784943808 Not Found: /favicon.ico
WARNING 2025-06-26 00:47:01,339 basehttp 44185 125854784943808 "GET /favicon.ico HTTP/1.1" 404 42
INFO 2025-06-26 00:47:16,510 basehttp 44185 125854784943808 "GET /admin/ HTTP/1.1" 302 0
INFO 2025-06-26 00:47:16,961 basehttp 44185 125854784943808 "GET /admin/login/?next=/admin/ HTTP/1.1" 200 4173
WARNING 2025-06-26 00:47:17,517 log 44185 125854784943808 Not Found: /static/admin/css/dark_mode.css
WARNING 2025-06-26 00:47:17,520 log 44185 125854768158400 Not Found: /static/admin/css/base.css
WARNING 2025-06-26 00:47:17,523 log 44185 125854776551104 Not Found: /static/admin/css/login.css
WARNING 2025-06-26 00:47:17,524 basehttp 44185 125854784943808 "GET /static/admin/css/dark_mode.css HTTP/1.1" 404 42
WARNING 2025-06-26 00:47:17,524 basehttp 44185 125854768158400 "GET /static/admin/css/base.css HTTP/1.1" 404 42
WARNING 2025-06-26 00:47:17,525 basehttp 44185 125854776551104 "GET /static/admin/css/login.css HTTP/1.1" 404 42
WARNING 2025-06-26 00:47:17,618 log 44185 125854768158400 Not Found: /static/admin/js/theme.js
WARNING 2025-06-26 00:47:17,619 basehttp 44185 125854768158400 "GET /static/admin/js/theme.js HTTP/1.1" 404 42
WARNING 2025-06-26 00:47:17,630 log 44185 125854768158400 Not Found: /static/admin/css/login.css
WARNING 2025-06-26 00:47:17,632 basehttp 44185 125854768158400 "GET /static/admin/css/login.css HTTP/1.1" 404 42
WARNING 2025-06-26 00:47:17,638 log 44185 125854776551104 Not Found: /static/admin/css/nav_sidebar.css
WARNING 2025-06-26 00:47:17,639 basehttp 44185 125854776551104 "GET /static/admin/css/nav_sidebar.css HTTP/1.1" 404 42
WARNING 2025-06-26 00:47:17,676 log 44185 125854776551104 Not Found: /static/admin/css/responsive.css
WARNING 2025-06-26 00:47:17,678 basehttp 44185 125854776551104 "GET /static/admin/css/responsive.css HTTP/1.1" 404 42
WARNING 2025-06-26 00:47:17,680 log 44185 125854768158400 Not Found: /static/admin/js/nav_sidebar.js
WARNING 2025-06-26 00:47:17,681 basehttp 44185 125854768158400 "GET /static/admin/js/nav_sidebar.js HTTP/1.1" 404 42
INFO 2025-06-26 00:57:06,019 basehttp 44185 125854776551104 "GET / HTTP/1.1" 302 0
INFO 2025-06-26 00:57:06,192 basehttp 44185 125854776551104 "GET /api/ HTTP/1.1" 200 250
INFO 2025-06-26 01:57:24,571 autoreload 7 138037545892736 Watching for file changes with StatReloader
INFO 2025-06-26 02:13:49,405 autoreload 7 136352914652032 Watching for file changes with StatReloader
INFO 2025-06-30 11:59:16,531 autoreload 3637 140544159532544 Watching for file changes with StatReloader
INFO 2025-06-30 11:59:17,973 autoreload 3637 140544159532544 /home/runner/workspace/portfolio_backend/portfolio/models.py changed, reloading.
INFO 2025-06-30 11:59:18,952 autoreload 3645 139624886851072 Watching for file changes with StatReloader
INFO 2025-07-01 20:13:58,177 autoreload 370 140390786971136 Watching for file changes with StatReloader
INFO 2025-07-02 06:42:11,188 autoreload 1531 140030001657344 Watching for file changes with StatReloader
INFO 2025-07-09 04:27:41,835 autoreload 1444 139770871551488 Watching for file changes with StatReloader
INFO 2025-07-09 04:37:33,177 autoreload 1444 139770871551488 /home/runner/workspace/portfolio_backend/portfolio_backend/settings.py changed, reloading.
INFO 2025-07-09 04:37:33,952 autoreload 3294 139853704762880 Watching for file changes with StatReloader
INFO 2025-07-09 04:37:35,662 autoreload 3294 139853704762880 /home/runner/workspace/portfolio_backend/manage.py changed, reloading.
INFO 2025-07-09 04:37:36,880 autoreload 3303 140639421285888 Watching for file changes with StatReloader
INFO 2025-07-09 04:37:58,544 autoreload 3641 140683214804480 Watching for file changes with StatReloader
INFO 2025-07-09 16:14:34,497 autoreload 19074 547101695264 Watching for file changes with StatReloader
INFO 2025-07-09 16:15:06,859 basehttp 19074 535876988016 "GET / HTTP/1.1" 200 1649
WARNING 2025-07-09 16:15:07,595 log 19074 535876988016 Not Found: /favicon.ico
WARNING 2025-07-09 16:15:07,596 basehttp 19074 535876988016 "GET /favicon.ico HTTP/1.1" 404 1649
INFO 2025-07-09 16:15:13,943 basehttp 19074 535876988016 "GET /admin/ HTTP/1.1" 302 0
ERROR 2025-07-09 16:15:13,989 log 19074 535876988016 Internal Server Error: /admin/login/
Traceback (most recent call last):
  File "/data/data/com.termux/files/usr/lib/python3.12/zoneinfo/_common.py", line 12, in load_tzdata
    return resources.files(package_name).joinpath(resource_name).open("rb")
           ^^^^^^^^^^^^^^^^^^^^^^^^^^^^^
  File "/data/data/com.termux/files/usr/lib/python3.12/importlib/resources/_common.py", line 46, in wrapper
    return func(anchor)
           ^^^^^^^^^^^^
  File "/data/data/com.termux/files/usr/lib/python3.12/importlib/resources/_common.py", line 56, in files
    return from_package(resolve(anchor))
                        ^^^^^^^^^^^^^^^
  File "/data/data/com.termux/files/usr/lib/python3.12/functools.py", line 912, in wrapper
    return dispatch(args[0].__class__)(*args, **kw)
           ^^^^^^^^^^^^^^^^^^^^^^^^^^^^^^^^^^^^^^^^
  File "/data/data/com.termux/files/usr/lib/python3.12/importlib/resources/_common.py", line 82, in _
    return importlib.import_module(cand)
           ^^^^^^^^^^^^^^^^^^^^^^^^^^^^^
  File "/data/data/com.termux/files/usr/lib/python3.12/importlib/__init__.py", line 90, in import_module
    return _bootstrap._gcd_import(name[level:], package, level)
           ^^^^^^^^^^^^^^^^^^^^^^^^^^^^^^^^^^^^^^^^^^^^^^^^^^^^
  File "<frozen importlib._bootstrap>", line 1387, in _gcd_import
  File "<frozen importlib._bootstrap>", line 1360, in _find_and_load
  File "<frozen importlib._bootstrap>", line 1310, in _find_and_load_unlocked
  File "<frozen importlib._bootstrap>", line 488, in _call_with_frames_removed
  File "<frozen importlib._bootstrap>", line 1387, in _gcd_import
  File "<frozen importlib._bootstrap>", line 1360, in _find_and_load
  File "<frozen importlib._bootstrap>", line 1324, in _find_and_load_unlocked
ModuleNotFoundError: No module named 'tzdata'

During handling of the above exception, another exception occurred:

Traceback (most recent call last):
  File "/data/data/com.termux/files/home/Portfolio/portfolio_backend/portfolio-venv/lib/python3.12/site-packages/django/core/handlers/exception.py", line 55, in inner
    response = get_response(request)
               ^^^^^^^^^^^^^^^^^^^^^
  File "/data/data/com.termux/files/home/Portfolio/portfolio_backend/portfolio-venv/lib/python3.12/site-packages/django/core/handlers/base.py", line 220, in _get_response
    response = response.render()
               ^^^^^^^^^^^^^^^^^
  File "/data/data/com.termux/files/home/Portfolio/portfolio_backend/portfolio-venv/lib/python3.12/site-packages/django/template/response.py", line 114, in render
    self.content = self.rendered_content
                   ^^^^^^^^^^^^^^^^^^^^^
  File "/data/data/com.termux/files/home/Portfolio/portfolio_backend/portfolio-venv/lib/python3.12/site-packages/django/template/response.py", line 92, in rendered_content
    return template.render(context, self._request)
           ^^^^^^^^^^^^^^^^^^^^^^^^^^^^^^^^^^^^^^^
  File "/data/data/com.termux/files/home/Portfolio/portfolio_backend/portfolio-venv/lib/python3.12/site-packages/django/template/backends/django.py", line 107, in render
    return self.template.render(context)
           ^^^^^^^^^^^^^^^^^^^^^^^^^^^^^
  File "/data/data/com.termux/files/home/Portfolio/portfolio_backend/portfolio-venv/lib/python3.12/site-packages/django/template/base.py", line 171, in render
    return self._render(context)
           ^^^^^^^^^^^^^^^^^^^^^
  File "/data/data/com.termux/files/home/Portfolio/portfolio_backend/portfolio-venv/lib/python3.12/site-packages/django/template/base.py", line 163, in _render
    return self.nodelist.render(context)
           ^^^^^^^^^^^^^^^^^^^^^^^^^^^^^
  File "/data/data/com.termux/files/home/Portfolio/portfolio_backend/portfolio-venv/lib/python3.12/site-packages/django/template/base.py", line 1016, in render
    return SafeString("".join([node.render_annotated(context) for node in self]))
                               ^^^^^^^^^^^^^^^^^^^^^^^^^^^^^^
  File "/data/data/com.termux/files/home/Portfolio/portfolio_backend/portfolio-venv/lib/python3.12/site-packages/django/template/base.py", line 977, in render_annotated
    return self.render(context)
           ^^^^^^^^^^^^^^^^^^^^
  File "/data/data/com.termux/files/home/Portfolio/portfolio_backend/portfolio-venv/lib/python3.12/site-packages/django/template/loader_tags.py", line 159, in render
    return compiled_parent._render(context)
           ^^^^^^^^^^^^^^^^^^^^^^^^^^^^^^^^
  File "/data/data/com.termux/files/home/Portfolio/portfolio_backend/portfolio-venv/lib/python3.12/site-packages/django/template/base.py", line 163, in _render
    return self.nodelist.render(context)
           ^^^^^^^^^^^^^^^^^^^^^^^^^^^^^
  File "/data/data/com.termux/files/home/Portfolio/portfolio_backend/portfolio-venv/lib/python3.12/site-packages/django/template/base.py", line 1016, in render
    return SafeString("".join([node.render_annotated(context) for node in self]))
                               ^^^^^^^^^^^^^^^^^^^^^^^^^^^^^^
  File "/data/data/com.termux/files/home/Portfolio/portfolio_backend/portfolio-venv/lib/python3.12/site-packages/django/template/base.py", line 977, in render_annotated
    return self.render(context)
           ^^^^^^^^^^^^^^^^^^^^
  File "/data/data/com.termux/files/home/Portfolio/portfolio_backend/portfolio-venv/lib/python3.12/site-packages/django/template/loader_tags.py", line 159, in render
    return compiled_parent._render(context)
           ^^^^^^^^^^^^^^^^^^^^^^^^^^^^^^^^
  File "/data/data/com.termux/files/home/Portfolio/portfolio_backend/portfolio-venv/lib/python3.12/site-packages/django/template/base.py", line 163, in _render
    return self.nodelist.render(context)
           ^^^^^^^^^^^^^^^^^^^^^^^^^^^^^
  File "/data/data/com.termux/files/home/Portfolio/portfolio_backend/portfolio-venv/lib/python3.12/site-packages/django/template/base.py", line 1016, in render
    return SafeString("".join([node.render_annotated(context) for node in self]))
                               ^^^^^^^^^^^^^^^^^^^^^^^^^^^^^^
  File "/data/data/com.termux/files/home/Portfolio/portfolio_backend/portfolio-venv/lib/python3.12/site-packages/django/template/base.py", line 977, in render_annotated
    return self.render(context)
           ^^^^^^^^^^^^^^^^^^^^
  File "/data/data/com.termux/files/home/Portfolio/portfolio_backend/portfolio-venv/lib/python3.12/site-packages/django/template/defaulttags.py", line 397, in render
    tzinfo = timezone.get_current_timezone() if settings.USE_TZ else None
             ^^^^^^^^^^^^^^^^^^^^^^^^^^^^^^^
  File "/data/data/com.termux/files/home/Portfolio/portfolio_backend/portfolio-venv/lib/python3.12/site-packages/django/utils/timezone.py", line 66, in get_current_timezone
    return getattr(_active, "value", get_default_timezone())
                                     ^^^^^^^^^^^^^^^^^^^^^^
  File "/data/data/com.termux/files/home/Portfolio/portfolio_backend/portfolio-venv/lib/python3.12/site-packages/django/utils/timezone.py", line 52, in get_default_timezone
    return zoneinfo.ZoneInfo(settings.TIME_ZONE)
           ^^^^^^^^^^^^^^^^^^^^^^^^^^^^^^^^^^^^^
  File "/data/data/com.termux/files/usr/lib/python3.12/zoneinfo/_common.py", line 24, in load_tzdata
    raise ZoneInfoNotFoundError(f"No time zone found with key {key}")
zoneinfo._common.ZoneInfoNotFoundError: 'No time zone found with key UTC'
ERROR 2025-07-09 16:15:13,996 basehttp 19074 535876988016 "GET /admin/login/?next=/admin/ HTTP/1.1" 500 1655
INFO 2025-07-09 16:15:24,255 basehttp 19074 535859145840 "GET / HTTP/1.1" 200 1649
